Unity Editor version:    2020.3.22f1 (e1a7f79fd887)
Branch:                  2020.3/staging
Build type:              Release
Batch mode:              YES
macOS version:           Version 10.15.7 (Build 19H1715)
Darwin version:          19.6.0
Architecture:            x86_64
Running under Rosetta:   NO
Available memory:        8192 MB
Using pre-set license
Pro License: NO

COMMAND LINE ARGUMENTS:
/Applications/Unity/Hub/Editor/2020.3.22f1/Unity.app/Contents/MacOS/Unity
-adb2
-batchMode
-noUpm
-name
AssetImportWorker3
-projectPath
/Users/SilverShield/Documents/GitHub/VirusARCardGame/VirusCardGame
-logFile
Logs/AssetImportWorker3.log
-srvPort
52126
Successfully changed project path to: /Users/SilverShield/Documents/GitHub/VirusARCardGame/VirusCardGame
/Users/SilverShield/Documents/GitHub/VirusARCardGame/VirusCardGame
Using Asset Import Pipeline V2.
Refreshing native plugins compatible for Editor in 728.86 ms, found 6 plugins.
Preloading 3 native plugins for Editor in 34.20 ms.
Initialize engine version: 2020.3.22f1 (e1a7f79fd887)
[Subsystems] Discovering subsystems at path /Applications/Unity/Hub/Editor/2020.3.22f1/Unity.app/Contents/Resources/UnitySubsystems
[Subsystems] Discovering subsystems at path /Users/SilverShield/Documents/GitHub/VirusARCardGame/VirusCardGame/Assets
GfxDevice: creating device client; threaded=0
2022-06-08 15:57:55.360 Unity[5568:120315] iMac preferred device: Intel Iris Pro Graphics (low power)
2022-06-08 15:57:55.360 Unity[5568:120315] Metal devices available: 1
2022-06-08 15:57:55.360 Unity[5568:120315] 0: Intel Iris Pro Graphics (low power)
2022-06-08 15:57:55.360 Unity[5568:120315] Using device Intel Iris Pro Graphics (low power)
Initializing Metal device caps: Intel Iris Pro Graphics
Initialize mono
Mono path[0] = '/Applications/Unity/Hub/Editor/2020.3.22f1/Unity.app/Contents/Managed'
Mono path[1] = '/Applications/Unity/Hub/Editor/2020.3.22f1/Unity.app/Contents/MonoBleedingEdge/lib/mono/unityjit'
Mono config path = '/Applications/Unity/Hub/Editor/2020.3.22f1/Unity.app/Contents/MonoBleedingEdge/etc'
Using monoOptions --debugger-agent=transport=dt_socket,embedding=1,server=y,suspend=n,address=127.0.0.1:56568
Begin MonoManager ReloadAssembly
Registering precompiled unity dll's ...
Register platform support module: /Applications/Unity/Hub/Editor/2020.3.22f1/Unity.app/Contents/PlaybackEngines/MacStandaloneSupport/UnityEditor.OSXStandalone.Extensions.dll
Register platform support module: /Applications/Unity/Hub/Editor/2020.3.22f1/PlaybackEngines/WindowsStandaloneSupport/UnityEditor.WindowsStandalone.Extensions.dll
Registered in 0.068037 seconds.
Native extension for WindowsStandalone target not found
Native extension for OSXStandalone target not found
Refreshing native plugins compatible for Editor in 50.20 ms, found 6 plugins.
Preloading 3 native plugins for Editor in 8.00 ms.
Mono: successfully reloaded assembly
- Completed reload, in  6.243 seconds
Domain Reload Profiling:
	ReloadAssembly (6243ms)
		BeginReloadAssembly (103ms)
			ExecutionOrderSort (0ms)
			DisableScriptedObjects (0ms)
			BackupInstance (0ms)
			ReleaseScriptingObjects (0ms)
			CreateAndSetChildDomain (1ms)
		EndReloadAssembly (922ms)
			LoadAssemblies (124ms)
			RebuildTransferFunctionScriptingTraits (0ms)
			SetupTypeCache (301ms)
			ReleaseScriptCaches (0ms)
			RebuildScriptCaches (61ms)
			SetupLoadedEditorAssemblies (407ms)
				LogAssemblyErrors (0ms)
				InitializePlatformSupportModulesInManaged (8ms)
				SetLoadedEditorAssemblies (0ms)
				RefreshPlugins (58ms)
				BeforeProcessingInitializeOnLoad (106ms)
				ProcessInitializeOnLoadAttributes (162ms)
				ProcessInitializeOnLoadMethodAttributes (72ms)
				AfterProcessingInitializeOnLoad (0ms)
				EditorAssembliesLoaded (0ms)
			ExecutionOrderSort2 (0ms)
			AwakeInstancesAfterBackupRestoration (0ms)
Platform modules already initialized, skipping
Registering precompiled user dll's ...
Registered in 0.224640 seconds.
Begin MonoManager ReloadAssembly
Native extension for WindowsStandalone target not found
Native extension for OSXStandalone target not found
Refreshing native plugins compatible for Editor in 0.72 ms, found 6 plugins.
Preloading 3 native plugins for Editor in 8.00 ms.
System.NullReferenceException: Object reference not set to an instance of an object
  at Vuforia.EditorClasses.ExtensionTypeProvider.GetVuforiaPackageAbsPath () [0x0004a] in <fa936954903d455ab607cdebc0675fa6>:0 
  at Vuforia.EditorClasses.ExtensionTypeProvider.IsPackageManager () [0x00000] in <fa936954903d455ab607cdebc0675fa6>:0 
  at Vuforia.EditorClasses.ExtensionTypeProvider.ResolvePluginType () [0x00009] in <fa936954903d455ab607cdebc0675fa6>:0 
  at Vuforia.EditorClasses.ExtensionTypeProvider.GetPluginType () [0x0000c] in <fa936954903d455ab607cdebc0675fa6>:0 
  at Vuforia.EditorClasses.VuforiaUtilities.IsVuforiaEnabledInPlayerSettings () [0x00000] in <fa936954903d455ab607cdebc0675fa6>:0 
  at VuforiaEnabledObserver..cctor () [0x00000] in <fa936954903d455ab607cdebc0675fa6>:0 
UnityEngine.StackTraceUtility:ExtractStackTrace () (at /Users/bokken/buildslave/unity/build/Runtime/Export/Scripting/StackTrace.cs:37)
UnityEngine.DebugLogHandler:LogFormat (UnityEngine.LogType,UnityEngine.Object,string,object[])
UnityEngine.Logger:Log (UnityEngine.LogType,object)
UnityEngine.Debug:LogError (object)
UnityEditor.EditorAssemblies:ProcessInitializeOnLoadAttributes (System.Type[]) (at /Users/bokken/buildslave/unity/build/Editor/Mono/EditorAssemblies.cs:138)

(Filename: /Users/bokken/buildslave/unity/build/Editor/Mono/EditorAssemblies.cs Line: 138)

System.NullReferenceException: Object reference not set to an instance of an object
  at Vuforia.EditorClasses.ExtensionTypeProvider.GetVuforiaPackageAbsPath () [0x0004a] in <fa936954903d455ab607cdebc0675fa6>:0 
  at Vuforia.EditorClasses.ExtensionTypeProvider.IsPackageManager () [0x00000] in <fa936954903d455ab607cdebc0675fa6>:0 
  at Vuforia.EditorClasses.ExtensionTypeProvider.ResolvePluginType () [0x00009] in <fa936954903d455ab607cdebc0675fa6>:0 
  at Vuforia.EditorClasses.ExtensionTypeProvider.GetPluginType () [0x0000c] in <fa936954903d455ab607cdebc0675fa6>:0 
  at Vuforia.EditorClasses.VuforiaUtilities.IsVuforiaEnabledInPlayerSettings () [0x00000] in <fa936954903d455ab607cdebc0675fa6>:0 
  at Vuforia.EditorClasses.InitializeOnLoadVuforiaTaskRunner..cctor () [0x00015] in <fa936954903d455ab607cdebc0675fa6>:0 
UnityEngine.StackTraceUtility:ExtractStackTrace () (at /Users/bokken/buildslave/unity/build/Runtime/Export/Scripting/StackTrace.cs:37)
UnityEngine.DebugLogHandler:LogFormat (UnityEngine.LogType,UnityEngine.Object,string,object[])
UnityEngine.Logger:Log (UnityEngine.LogType,object)
UnityEngine.Debug:LogError (object)
UnityEditor.EditorAssemblies:ProcessInitializeOnLoadAttributes (System.Type[]) (at /Users/bokken/buildslave/unity/build/Editor/Mono/EditorAssemblies.cs:138)

(Filename: /Users/bokken/buildslave/unity/build/Editor/Mono/EditorAssemblies.cs Line: 138)

Mono: successfully reloaded assembly
- Completed reload, in  2.570 seconds
Domain Reload Profiling:
	ReloadAssembly (2597ms)
		BeginReloadAssembly (267ms)
			ExecutionOrderSort (0ms)
			DisableScriptedObjects (8ms)
			BackupInstance (0ms)
			ReleaseScriptingObjects (0ms)
			CreateAndSetChildDomain (56ms)
		EndReloadAssembly (2223ms)
			LoadAssemblies (662ms)
			RebuildTransferFunctionScriptingTraits (0ms)
			SetupTypeCache (590ms)
			ReleaseScriptCaches (1ms)
			RebuildScriptCaches (91ms)
			SetupLoadedEditorAssemblies (673ms)
				LogAssemblyErrors (0ms)
				InitializePlatformSupportModulesInManaged (8ms)
				SetLoadedEditorAssemblies (1ms)
				RefreshPlugins (9ms)
				BeforeProcessingInitializeOnLoad (134ms)
				ProcessInitializeOnLoadAttributes (437ms)
				ProcessInitializeOnLoadMethodAttributes (83ms)
				AfterProcessingInitializeOnLoad (2ms)
				EditorAssembliesLoaded (0ms)
			ExecutionOrderSort2 (0ms)
			AwakeInstancesAfterBackupRestoration (11ms)
Platform modules already initialized, skipping
Validating Project structure ... 0.065090 seconds.
Shader import version has changed; will reimport all shaders...
Upgrading shader files ...0.001697 seconds.
Application.AssetDatabase Initial Script Refresh Start
RefreshInfo: InitialScriptRefreshV2(NoUpdateAssetOptions) scanfilter:  ... 1 filters
RefreshProfiler: Total: 0.000ms
Application.AssetDatabase Initial Script Refresh End
Application.AssetDatabase.Refresh Start
Application.AssetDatabase.Refresh End
RefreshInfo: StopAssetImportingV2(ForceSynchronousImport) scanfilter: 
RefreshProfiler: Total: 0.000ms
Launching external process: /Applications/Unity/Hub/Editor/2020.3.22f1/Unity.app/Contents/Tools/UnityShaderCompiler
Launched and connected shader compiler UnityShaderCompiler after 0.13 seconds
Initializing Unity extensions:
========================================================================
Worker process is ready to serve import requests
Refreshing native plugins compatible for Editor in 0.59 ms, found 6 plugins.
Preloading 3 native plugins for Editor in 8.04 ms.
Unloading 1541 Unused Serialized files (Serialized files now loaded: 0)
System memory in use before: 178.8 MB.
System memory in use after: 178.0 MB.

Unloading 111 unused Assets to reduce memory usage. Loaded Objects now: 2295.
Total: 6.078102 ms (FindLiveObjects: 0.265257 ms CreateObjectMapping: 0.137917 ms MarkObjects: 4.922580 ms  DeleteObjects: 0.751089 ms)

AssetImportParameters requested are different than current active one (requested -> active):
  custom:video-decoder-ogg-theora: a1e56fd34408186e4bbccfd4996cb3dc -> 
  custom:container-muxer-webm: aa71ff27fc2769a1b78a27578f13a17b -> 
  custom:container-demuxer-webm: 4f35f7cbe854078d1ac9338744f61a02 -> 
  custom:container-demuxer-ogg: 62fdf1f143b41e24485cea50d1cbac27 -> 
  custom:video-encoder-webm-vp8: eb34c28f22e8b96e1ab97ce403110664 -> 
  custom:framework-osx-AVFoundation: b23960f63f64bdc6ff669e2cdcee2391 -> 
  custom:video-decoder-webm-vp8: 9c59270c3fd7afecdb556c50c9e8de78 -> 
  custom:audio-decoder-ogg-vorbis: bf7c407c2cedff20999df2af8eb42d56 -> 
  custom:audio-encoder-webm-vorbis: bf7c407c2cedff20999df2af8eb42d56 -> 
========================================================================
Received Import Request.
  path: Assets/Scenes/AR.unity
  artifactKey: Guid(772325a354f7044328d99450e09217f9) Importer(815301076,1909f56bfc062723c751e8b465ee728b)
Start importing Assets/Scenes/AR.unity using Guid(772325a354f7044328d99450e09217f9) Importer(815301076,1909f56bfc062723c751e8b465ee728b)  -> (artifact id: 'cb1912c7112dde0c90f8e3e77591f75c') in 0.064567 seconds 
  Import took 0.147269 seconds .

========================================================================
Received Prepare
Registering precompiled user dll's ...
Registered in 1.013489 seconds.
Begin MonoManager ReloadAssembly
Native extension for WindowsStandalone target not found
Native extension for OSXStandalone target not found
Refreshing native plugins compatible for Editor in 0.71 ms, found 6 plugins.
Preloading 3 native plugins for Editor in 7.16 ms.
System.NullReferenceException: Object reference not set to an instance of an object
  at Vuforia.EditorClasses.ExtensionTypeProvider.GetVuforiaPackageAbsPath () [0x0004a] in <fa936954903d455ab607cdebc0675fa6>:0 
  at Vuforia.EditorClasses.ExtensionTypeProvider.IsPackageManager () [0x00000] in <fa936954903d455ab607cdebc0675fa6>:0 
  at Vuforia.EditorClasses.ExtensionTypeProvider.ResolvePluginType () [0x00009] in <fa936954903d455ab607cdebc0675fa6>:0 
  at Vuforia.EditorClasses.ExtensionTypeProvider.GetPluginType () [0x0000c] in <fa936954903d455ab607cdebc0675fa6>:0 
  at Vuforia.EditorClasses.VuforiaUtilities.IsVuforiaEnabledInPlayerSettings () [0x00000] in <fa936954903d455ab607cdebc0675fa6>:0 
  at VuforiaEnabledObserver..cctor () [0x00000] in <fa936954903d455ab607cdebc0675fa6>:0 
UnityEngine.StackTraceUtility:ExtractStackTrace () (at /Users/bokken/buildslave/unity/build/Runtime/Export/Scripting/StackTrace.cs:37)
UnityEngine.DebugLogHandler:LogFormat (UnityEngine.LogType,UnityEngine.Object,string,object[])
UnityEngine.Logger:Log (UnityEngine.LogType,object)
UnityEngine.Debug:LogError (object)
UnityEditor.EditorAssemblies:ProcessInitializeOnLoadAttributes (System.Type[]) (at /Users/bokken/buildslave/unity/build/Editor/Mono/EditorAssemblies.cs:138)

(Filename: /Users/bokken/buildslave/unity/build/Editor/Mono/EditorAssemblies.cs Line: 138)

System.NullReferenceException: Object reference not set to an instance of an object
  at Vuforia.EditorClasses.ExtensionTypeProvider.GetVuforiaPackageAbsPath () [0x0004a] in <fa936954903d455ab607cdebc0675fa6>:0 
  at Vuforia.EditorClasses.ExtensionTypeProvider.IsPackageManager () [0x00000] in <fa936954903d455ab607cdebc0675fa6>:0 
  at Vuforia.EditorClasses.ExtensionTypeProvider.ResolvePluginType () [0x00009] in <fa936954903d455ab607cdebc0675fa6>:0 
  at Vuforia.EditorClasses.ExtensionTypeProvider.GetPluginType () [0x0000c] in <fa936954903d455ab607cdebc0675fa6>:0 
  at Vuforia.EditorClasses.VuforiaUtilities.IsVuforiaEnabledInPlayerSettings () [0x00000] in <fa936954903d455ab607cdebc0675fa6>:0 
  at Vuforia.EditorClasses.InitializeOnLoadVuforiaTaskRunner..cctor () [0x00015] in <fa936954903d455ab607cdebc0675fa6>:0 
UnityEngine.StackTraceUtility:ExtractStackTrace () (at /Users/bokken/buildslave/unity/build/Runtime/Export/Scripting/StackTrace.cs:37)
UnityEngine.DebugLogHandler:LogFormat (UnityEngine.LogType,UnityEngine.Object,string,object[])
UnityEngine.Logger:Log (UnityEngine.LogType,object)
UnityEngine.Debug:LogError (object)
UnityEditor.EditorAssemblies:ProcessInitializeOnLoadAttributes (System.Type[]) (at /Users/bokken/buildslave/unity/build/Editor/Mono/EditorAssemblies.cs:138)

(Filename: /Users/bokken/buildslave/unity/build/Editor/Mono/EditorAssemblies.cs Line: 138)

Mono: successfully reloaded assembly
- Completed reload, in  3.597 seconds
Domain Reload Profiling:
	ReloadAssembly (3599ms)
		BeginReloadAssembly (246ms)
			ExecutionOrderSort (0ms)
			DisableScriptedObjects (10ms)
			BackupInstance (0ms)
			ReleaseScriptingObjects (0ms)
			CreateAndSetChildDomain (149ms)
		EndReloadAssembly (3259ms)
			LoadAssemblies (1766ms)
			RebuildTransferFunctionScriptingTraits (0ms)
			SetupTypeCache (506ms)
			ReleaseScriptCaches (1ms)
			RebuildScriptCaches (67ms)
			SetupLoadedEditorAssemblies (754ms)
				LogAssemblyErrors (0ms)
				InitializePlatformSupportModulesInManaged (7ms)
				SetLoadedEditorAssemblies (1ms)
				RefreshPlugins (8ms)
				BeforeProcessingInitializeOnLoad (250ms)
				ProcessInitializeOnLoadAttributes (334ms)
				ProcessInitializeOnLoadMethodAttributes (150ms)
				AfterProcessingInitializeOnLoad (3ms)
				EditorAssembliesLoaded (1ms)
			ExecutionOrderSort2 (0ms)
			AwakeInstancesAfterBackupRestoration (11ms)
Platform modules already initialized, skipping
Refreshing native plugins compatible for Editor in 0.60 ms, found 6 plugins.
Preloading 3 native plugins for Editor in 6.73 ms.
Unloading 1523 Unused Serialized files (Serialized files now loaded: 0)
System memory in use before: 175.8 MB.
System memory in use after: 175.9 MB.

Unloading 42 unused Assets to reduce memory usage. Loaded Objects now: 2299.
Total: 4.405324 ms (FindLiveObjects: 0.334359 ms CreateObjectMapping: 0.144599 ms MarkObjects: 3.843062 ms  DeleteObjects: 0.081996 ms)

AssetImportParameters requested are different than current active one (requested -> active):
  custom:video-decoder-ogg-theora: a1e56fd34408186e4bbccfd4996cb3dc -> 
  custom:container-muxer-webm: aa71ff27fc2769a1b78a27578f13a17b -> 
  custom:container-demuxer-webm: 4f35f7cbe854078d1ac9338744f61a02 -> 
  custom:container-demuxer-ogg: 62fdf1f143b41e24485cea50d1cbac27 -> 
  custom:video-encoder-webm-vp8: eb34c28f22e8b96e1ab97ce403110664 -> 
  custom:framework-osx-AVFoundation: b23960f63f64bdc6ff669e2cdcee2391 -> 
  custom:video-decoder-webm-vp8: 9c59270c3fd7afecdb556c50c9e8de78 -> 
  custom:audio-decoder-ogg-vorbis: bf7c407c2cedff20999df2af8eb42d56 -> 
  custom:audio-encoder-webm-vorbis: bf7c407c2cedff20999df2af8eb42d56 -> 
========================================================================
Received Import Request.
  Time since last request: 5107.888234 seconds.
  path: Assets/Editor/Vuforia
  artifactKey: Guid(49ff623d4972b4d8e894df61c0921793) Importer(815301076,1909f56bfc062723c751e8b465ee728b)
Start importing Assets/Editor/Vuforia using Guid(49ff623d4972b4d8e894df61c0921793) Importer(815301076,1909f56bfc062723c751e8b465ee728b)  -> (artifact id: 'cc2e188e6b2199aad49c71dc3e2c64db') in 0.474518 seconds 
  Import took 0.820771 seconds .

========================================================================
Received Import Request.
  Time since last request: 2.690130 seconds.
  path: Assets/Editor/Vuforia/ImageTargetTextures
  artifactKey: Guid(7e6e3309bf30e4b4f8a1fe1d5c677524) Importer(815301076,1909f56bfc062723c751e8b465ee728b)
Start importing Assets/Editor/Vuforia/ImageTargetTextures using Guid(7e6e3309bf30e4b4f8a1fe1d5c677524) Importer(815301076,1909f56bfc062723c751e8b465ee728b)  -> (artifact id: '33bdfa68929090a13f1ee4cc5bce015e') in 0.094139 seconds 
  Import took 0.292399 seconds .

========================================================================
Received Import Request.
  Time since last request: 0.355508 seconds.
  path: Assets/Editor/Vuforia/ImageTargetTextures/VirusAR
  artifactKey: Guid(afde0036234d7439398582668a72ebc0) Importer(815301076,1909f56bfc062723c751e8b465ee728b)
Start importing Assets/Editor/Vuforia/ImageTargetTextures/VirusAR using Guid(afde0036234d7439398582668a72ebc0) Importer(815301076,1909f56bfc062723c751e8b465ee728b)  -> (artifact id: '1b0387cdedf0152eb72d34dda6ecb237') in 0.080646 seconds 
  Import took 0.343004 seconds .

========================================================================
Received Import Request.
  Time since last request: 3.919886 seconds.
  path: Assets/Editor/Vuforia/ImageTargetTextures/VirusAR/CerebroJPEG_scaled.jpg
  artifactKey: Guid(9a50752a618b43d7b1bb7c89cc3d5163) Importer(815301076,1909f56bfc062723c751e8b465ee728b)
Start importing Assets/Editor/Vuforia/ImageTargetTextures/VirusAR/CerebroJPEG_scaled.jpg using Guid(9a50752a618b43d7b1bb7c89cc3d5163) Importer(815301076,1909f56bfc062723c751e8b465ee728b)  -> (artifact id: '10aac3b2c857320dea5bfdb102b60c70') in 4.666827 seconds 
  Import took 4.758015 seconds .

========================================================================
Received Import Request.
  Time since last request: 0.006380 seconds.
  path: Assets/Editor/Vuforia/ImageTargetTextures/VirusAR/medicina_roja_scaled.jpg
  artifactKey: Guid(062941d27d7c4b9e9954c6eb4f1c087f) Importer(815301076,1909f56bfc062723c751e8b465ee728b)
Start importing Assets/Editor/Vuforia/ImageTargetTextures/VirusAR/medicina_roja_scaled.jpg using Guid(062941d27d7c4b9e9954c6eb4f1c087f) Importer(815301076,1909f56bfc062723c751e8b465ee728b)  -> (artifact id: 'ceb2448b290f010e2a11337f03c2b5e0') in 0.174786 seconds 
  Import took 0.292631 seconds .

========================================================================
Received Import Request.
  Time since last request: 0.000412 seconds.
  path: Assets/Editor/Vuforia/ImageTargetTextures/VirusAR/organo_comodin_scaled.jpg
  artifactKey: Guid(8150fc13a42d4e6ba2a4d6631a4f2633) Importer(815301076,1909f56bfc062723c751e8b465ee728b)
Start importing Assets/Editor/Vuforia/ImageTargetTextures/VirusAR/organo_comodin_scaled.jpg using Guid(8150fc13a42d4e6ba2a4d6631a4f2633) Importer(815301076,1909f56bfc062723c751e8b465ee728b)  -> (artifact id: 'd40b8ea2c237181ce0970e6511d8388b') in 0.207951 seconds 
  Import took 0.282863 seconds .

========================================================================
Received Import Request.
  Time since last request: 0.000380 seconds.
  path: Assets/Editor/Vuforia/ImageTargetTextures/VirusAR/hueso_scaled.jpg
  artifactKey: Guid(f44cded7e4ea4de1bf5ce1c0f9d28a3e) Importer(815301076,1909f56bfc062723c751e8b465ee728b)
Start importing Assets/Editor/Vuforia/ImageTargetTextures/VirusAR/hueso_scaled.jpg using Guid(f44cded7e4ea4de1bf5ce1c0f9d28a3e) Importer(815301076,1909f56bfc062723c751e8b465ee728b)  -> (artifact id: '7e33f0a0c38006d34da9468e66692960') in 0.127635 seconds 
  Import took 0.165509 seconds .

========================================================================
Received Import Request.
  Time since last request: 0.000487 seconds.
  path: Assets/Editor/Vuforia/ImageTargetTextures/VirusAR/error_medico_scaled.jpg
  artifactKey: Guid(a56ea34697744d7ea633f54b1d3a538c) Importer(815301076,1909f56bfc062723c751e8b465ee728b)
Start importing Assets/Editor/Vuforia/ImageTargetTextures/VirusAR/error_medico_scaled.jpg using Guid(a56ea34697744d7ea633f54b1d3a538c) Importer(815301076,1909f56bfc062723c751e8b465ee728b)  -> (artifact id: '7307fac3d117be0a0fefb5351139f207') in 0.172547 seconds 
  Import took 0.216640 seconds .

========================================================================
Received Import Request.
  Time since last request: 0.000323 seconds.
  path: Assets/Editor/Vuforia/ImageTargetTextures/VirusAR/guante_scaled.jpg
  artifactKey: Guid(af8951641b1e4a80a70af4c1f59a42f4) Importer(815301076,1909f56bfc062723c751e8b465ee728b)
Start importing Assets/Editor/Vuforia/ImageTargetTextures/VirusAR/guante_scaled.jpg using Guid(af8951641b1e4a80a70af4c1f59a42f4) Importer(815301076,1909f56bfc062723c751e8b465ee728b)  -> (artifact id: 'b6593c99d5982573ed3133e0380fd788') in 0.247570 seconds 
  Import took 0.302444 seconds .

========================================================================
Received Import Request.
  Time since last request: 0.000337 seconds.
  path: Assets/Editor/Vuforia/ImageTargetTextures/VirusAR/medicina_amarilla_scaled.jpg
  artifactKey: Guid(16d6a6fc88694d28b79584a874b38c98) Importer(815301076,1909f56bfc062723c751e8b465ee728b)
Start importing Assets/Editor/Vuforia/ImageTargetTextures/VirusAR/medicina_amarilla_scaled.jpg using Guid(16d6a6fc88694d28b79584a874b38c98) Importer(815301076,1909f56bfc062723c751e8b465ee728b)  -> (artifact id: '94ae345bfbfa2bc228a507c3b8d12fd2') in 0.136025 seconds 
  Import took 0.163165 seconds .

========================================================================
Received Import Request.
  Time since last request: 0.000401 seconds.
  path: Assets/Editor/Vuforia/ImageTargetTextures/VirusAR/Estomago_scaled.jpg
  artifactKey: Guid(013dea7909fd407198b7f0d3688b0782) Importer(815301076,1909f56bfc062723c751e8b465ee728b)
Start importing Assets/Editor/Vuforia/ImageTargetTextures/VirusAR/Estomago_scaled.jpg using Guid(013dea7909fd407198b7f0d3688b0782) Importer(815301076,1909f56bfc062723c751e8b465ee728b)  -> (artifact id: '4f3e88a9104769a7fba08dd3ca2e626e') in 0.112148 seconds 
  Import took 0.163719 seconds .

========================================================================
Received Import Request.
  Time since last request: 0.000410 seconds.
  path: Assets/Resources/VuforiaConfiguration.asset
  artifactKey: Guid(365681c451d2a45cc9832a1ce413715a) Importer(815301076,1909f56bfc062723c751e8b465ee728b)
Start importing Assets/Resources/VuforiaConfiguration.asset using Guid(365681c451d2a45cc9832a1ce413715a) Importer(815301076,1909f56bfc062723c751e8b465ee728b)  -> (artifact id: '11f582e5b9956a30cb2c82d65137e735') in 1.723749 seconds 
  Import took 1.750730 seconds .

========================================================================
Received Import Request.
  Time since last request: 0.003474 seconds.
  path: Assets/Editor/Vuforia/ImageTargetTextures/VirusAR/transplante_scaled.jpg
  artifactKey: Guid(33a849e9e21943bface8bcaac35d17e4) Importer(815301076,1909f56bfc062723c751e8b465ee728b)
Start importing Assets/Editor/Vuforia/ImageTargetTextures/VirusAR/transplante_scaled.jpg using Guid(33a849e9e21943bface8bcaac35d17e4) Importer(815301076,1909f56bfc062723c751e8b465ee728b)  -> (artifact id: '004e6e6ca5794e76bf752bfe4839b479') in 0.167109 seconds 
  Import took 0.194079 seconds .

========================================================================
Received Import Request.
  Time since last request: 0.000324 seconds.
  path: Assets/Editor/Vuforia/ImageTargetTextures/VirusAR/virus_amarillo_scaled.jpg
  artifactKey: Guid(cfa1b542c98543818f7ceb2bde4f282f) Importer(815301076,1909f56bfc062723c751e8b465ee728b)
Start importing Assets/Editor/Vuforia/ImageTargetTextures/VirusAR/virus_amarillo_scaled.jpg using Guid(cfa1b542c98543818f7ceb2bde4f282f) Importer(815301076,1909f56bfc062723c751e8b465ee728b)  -> (artifact id: '2b55f41e7928ca704ee096476ca44f5c') in 0.078206 seconds 
  Import took 0.107996 seconds .

========================================================================
Received Import Request.
  Time since last request: 0.000333 seconds.
  path: Assets/Editor/Vuforia/ImageTargetTextures/VirusAR/virus_rojo_scaled.jpg
  artifactKey: Guid(7a972407dc9b4acfb2ea5a5ebcb56234) Importer(815301076,1909f56bfc062723c751e8b465ee728b)
Start importing Assets/Editor/Vuforia/ImageTargetTextures/VirusAR/virus_rojo_scaled.jpg using Guid(7a972407dc9b4acfb2ea5a5ebcb56234) Importer(815301076,1909f56bfc062723c751e8b465ee728b)  -> (artifact id: '253cb28424d551dab72d86d54924b0b7') in 0.170632 seconds 
  Import took 0.195960 seconds .

========================================================================
Received Import Request.
  Time since last request: 0.000347 seconds.
  path: Assets/Editor/Vuforia/ImageTargetTextures/VirusAR/ladron_organos_scaled.jpg
  artifactKey: Guid(9b3fdde677b84f1181453c3666cd72a3) Importer(815301076,1909f56bfc062723c751e8b465ee728b)
Start importing Assets/Editor/Vuforia/ImageTargetTextures/VirusAR/ladron_organos_scaled.jpg using Guid(9b3fdde677b84f1181453c3666cd72a3) Importer(815301076,1909f56bfc062723c751e8b465ee728b)  -> (artifact id: 'e8a9ab5f2409ad05735aa1f6ef7e1903') in 0.103144 seconds 
  Import took 0.130103 seconds .

========================================================================
Received Import Request.
  Time since last request: 0.000359 seconds.
  path: Assets/Editor/Vuforia/ImageTargetTextures/VirusAR/contagio_scaled.jpg
  artifactKey: Guid(882b74c2c8e343c8aee16b972d34e129) Importer(815301076,1909f56bfc062723c751e8b465ee728b)
Start importing Assets/Editor/Vuforia/ImageTargetTextures/VirusAR/contagio_scaled.jpg using Guid(882b74c2c8e343c8aee16b972d34e129) Importer(815301076,1909f56bfc062723c751e8b465ee728b)  -> (artifact id: '92c8c5a0c0b2fc36d167a0e02be8a910') in 0.705670 seconds 
  Import took 0.822719 seconds .

========================================================================
Received Import Request.
  Time since last request: 0.000328 seconds.
  path: Assets/Editor/Vuforia/ImageTargetTextures/VirusAR/virus_comodin_scaled.jpg
  artifactKey: Guid(4902b6ddebe44157903584fc715be831) Importer(815301076,1909f56bfc062723c751e8b465ee728b)
Start importing Assets/Editor/Vuforia/ImageTargetTextures/VirusAR/virus_comodin_scaled.jpg using Guid(4902b6ddebe44157903584fc715be831) Importer(815301076,1909f56bfc062723c751e8b465ee728b)  -> (artifact id: 'edcaf622ca0c1e1d89b48228eddfe195') in 0.338632 seconds 
  Import took 0.373803 seconds .

========================================================================
Received Import Request.
  Time since last request: 0.000335 seconds.
  path: Assets/Editor/Vuforia/ImageTargetTextures/VirusAR/corazon_scaled.jpg
  artifactKey: Guid(9f47fff0e15248eca83104ddcce4bf57) Importer(815301076,1909f56bfc062723c751e8b465ee728b)
Start importing Assets/Editor/Vuforia/ImageTargetTextures/VirusAR/corazon_scaled.jpg using Guid(9f47fff0e15248eca83104ddcce4bf57) Importer(815301076,1909f56bfc062723c751e8b465ee728b)  -> (artifact id: 'f2a261e692e20a2048cf3b5dbf3a7562') in 0.273333 seconds 
  Import took 0.351390 seconds .

========================================================================
Received Import Request.
  Time since last request: 0.000424 seconds.
  path: Assets/Editor/Vuforia/ImageTargetTextures/VirusAR/medicina_comodin_scaled.jpg
  artifactKey: Guid(19065625cb5247299fbcb90f13b0a68b) Importer(815301076,1909f56bfc062723c751e8b465ee728b)
Start importing Assets/Editor/Vuforia/ImageTargetTextures/VirusAR/medicina_comodin_scaled.jpg using Guid(19065625cb5247299fbcb90f13b0a68b) Importer(815301076,1909f56bfc062723c751e8b465ee728b)  -> (artifact id: '665da5d31617b6bc9c0bfd7d9b211a8f') in 0.165336 seconds 
  Import took 0.169431 seconds .

========================================================================
Received Import Request.
  Time since last request: 0.000313 seconds.
  path: Assets/Editor/Vuforia/ImageTargetTextures/VirusAR/virus_verde_scaled.jpg
  artifactKey: Guid(db68f6e5f4ec4e9ebc1677ba1df7e252) Importer(815301076,1909f56bfc062723c751e8b465ee728b)
Start importing Assets/Editor/Vuforia/ImageTargetTextures/VirusAR/virus_verde_scaled.jpg using Guid(db68f6e5f4ec4e9ebc1677ba1df7e252) Importer(815301076,1909f56bfc062723c751e8b465ee728b)  -> (artifact id: '8e909875f50be2991279b3955ba1b9d9') in 0.128659 seconds 
  Import took 0.155447 seconds .

========================================================================
Received Import Request.
  Time since last request: 0.001116 seconds.
  path: Assets/Editor/Vuforia/ImageTargetTextures/VirusAR/medicina_verde_scaled.jpg
  artifactKey: Guid(ed9bfe16dc884f9585e80a6774836b51) Importer(815301076,1909f56bfc062723c751e8b465ee728b)
Start importing Assets/Editor/Vuforia/ImageTargetTextures/VirusAR/medicina_verde_scaled.jpg using Guid(ed9bfe16dc884f9585e80a6774836b51) Importer(815301076,1909f56bfc062723c751e8b465ee728b)  -> (artifact id: '5cd5be9a44f88414d36f8e8d1fda89ec') in 0.111206 seconds 
  Import took 0.147328 seconds .

========================================================================
Received Import Request.
  Time since last request: 0.000371 seconds.
  path: Assets/Editor/Vuforia/ImageTargetTextures/VirusAR/medicina_azul_scaled.jpg
  artifactKey: Guid(397e1a7c9603469c9061070f1bdb833f) Importer(815301076,1909f56bfc062723c751e8b465ee728b)
Start importing Assets/Editor/Vuforia/ImageTargetTextures/VirusAR/medicina_azul_scaled.jpg using Guid(397e1a7c9603469c9061070f1bdb833f) Importer(815301076,1909f56bfc062723c751e8b465ee728b)  -> (artifact id: '3b069fed77fe354915edbfa769eba17b') in 0.195394 seconds 
  Import took 0.247236 seconds .

========================================================================
Received Import Request.
  Time since last request: 0.000336 seconds.
  path: Assets/Editor/Vuforia/ImageTargetTextures/VirusAR/virus_azul_scaled.jpg
  artifactKey: Guid(52fa0532295e4be8a52a745267f17abb) Importer(815301076,1909f56bfc062723c751e8b465ee728b)
Start importing Assets/Editor/Vuforia/ImageTargetTextures/VirusAR/virus_azul_scaled.jpg using Guid(52fa0532295e4be8a52a745267f17abb) Importer(815301076,1909f56bfc062723c751e8b465ee728b)  -> (artifact id: '5b339c48d9094e93dffe09e7f1e3c891') in 0.074509 seconds 
  Import took 0.077965 seconds .

========================================================================
Received Import Request.
  Time since last request: 27.643008 seconds.
  path: Assets/Editor/Migration
  artifactKey: Guid(784c1ed2aa16453488a41efb0eeae8ce) Importer(815301076,1909f56bfc062723c751e8b465ee728b)
Start importing Assets/Editor/Migration using Guid(784c1ed2aa16453488a41efb0eeae8ce) Importer(815301076,1909f56bfc062723c751e8b465ee728b)  -> (artifact id: 'bc576f1bb5e7d238edd2fbe800f698d2') in 0.162404 seconds 
  Import took 0.464151 seconds .

========================================================================
Received Import Request.
  Time since last request: 5.720126 seconds.
  path: Assets/Editor/Migration/AddVuforiaEnginePackage.cs
  artifactKey: Guid(3bbef22eb814a9647b6c1f03e99d95da) Importer(815301076,1909f56bfc062723c751e8b465ee728b)
Start importing Assets/Editor/Migration/AddVuforiaEnginePackage.cs using Guid(3bbef22eb814a9647b6c1f03e99d95da) Importer(815301076,1909f56bfc062723c751e8b465ee728b)  -> (artifact id: 'c130ac8a213ac587b5c58faf73040eef') in 3.261134 seconds 
  Import took 3.312466 seconds .

========================================================================
Received Import Request.
  Time since last request: 8.923663 seconds.
  path: Packages/com.unity.ide.visualstudio
  artifactKey: Guid(9db636ca49aa246019dd93b7c8b689f4) Importer(815301076,1909f56bfc062723c751e8b465ee728b)
Start importing Packages/com.unity.ide.visualstudio using Guid(9db636ca49aa246019dd93b7c8b689f4) Importer(815301076,1909f56bfc062723c751e8b465ee728b)  -> (artifact id: '97ec95a5506f2bdeeee79941468489e5') in 0.046902 seconds 
  Import took 0.069365 seconds .

========================================================================
Received Import Request.
  Time since last request: 0.418861 seconds.
  path: Packages/com.ptc.vuforia.engine
  artifactKey: Guid(477626d0f4cac8fb8c9818eae9f7651c) Importer(815301076,1909f56bfc062723c751e8b465ee728b)
Start importing Packages/com.ptc.vuforia.engine using Guid(477626d0f4cac8fb8c9818eae9f7651c) Importer(815301076,1909f56bfc062723c751e8b465ee728b)  -> (artifact id: '5d02075c81e19815b3bf085a60cadb52') in 0.001145 seconds 
  Import took 0.005787 seconds .

========================================================================
Received Import Request.
  Time since last request: 0.142821 seconds.
  path: Packages/com.ptc.vuforia.engine/package.json
  artifactKey: Guid(c0e3d889c2a8e4409a9be4e7899d2b51) Importer(815301076,1909f56bfc062723c751e8b465ee728b)
Start importing Packages/com.ptc.vuforia.engine/package.json using Guid(c0e3d889c2a8e4409a9be4e7899d2b51) Importer(815301076,1909f56bfc062723c751e8b465ee728b)  -> (artifact id: '3eceeca250b3adc0064808a11abdc2cb') in 5.850264 seconds 
  Import took 5.905462 seconds .

========================================================================
Received Import Request.
  Time since last request: 0.004286 seconds.
  path: Packages/com.ptc.vuforia.engine/Tests
  artifactKey: Guid(43885e2bea23544f69c9fb845c8a42f7) Importer(815301076,1909f56bfc062723c751e8b465ee728b)
Start importing Packages/com.ptc.vuforia.engine/Tests using Guid(43885e2bea23544f69c9fb845c8a42f7) Importer(815301076,1909f56bfc062723c751e8b465ee728b)  -> (artifact id: '9336f5994ad91ad08a803845cf092dd6') in 0.033950 seconds 
  Import took 0.038231 seconds .

========================================================================
Received Import Request.
  Time since last request: 0.000323 seconds.
  path: Packages/com.ptc.vuforia.engine/Vuforia
  artifactKey: Guid(9cc7219dd8ba923418d1b45d8600186b) Importer(815301076,1909f56bfc062723c751e8b465ee728b)
Start importing Packages/com.ptc.vuforia.engine/Vuforia using Guid(9cc7219dd8ba923418d1b45d8600186b) Importer(815301076,1909f56bfc062723c751e8b465ee728b)  -> (artifact id: 'c116c1f1695d610bab1925ae9f847e0e') in 0.001601 seconds 
  Import took 0.004637 seconds .

========================================================================
Received Import Request.
  Time since last request: 0.000238 seconds.
  path: Packages/com.ptc.vuforia.engine/Vuforia/Scripts/BoundingBoxRenderer.cs
  artifactKey: Guid(b0768a105a9bd48409a689214808185f) Importer(815301076,1909f56bfc062723c751e8b465ee728b)
Start importing Packages/com.ptc.vuforia.engine/Vuforia/Scripts/BoundingBoxRenderer.cs using Guid(b0768a105a9bd48409a689214808185f) Importer(815301076,1909f56bfc062723c751e8b465ee728b)  -> (artifact id: 'c9f832c7c20d95c0087f1ba0a4f7ac11') in 0.054045 seconds 
  Import took 0.058026 seconds .

========================================================================
Received Import Request.
  Time since last request: 0.000416 seconds.
  path: Packages/com.ptc.vuforia.engine/Vuforia/Scripts/VuforiaScripts.asmdef
  artifactKey: Guid(4aa734a563557450591d3fe58a62a120) Importer(815301076,1909f56bfc062723c751e8b465ee728b)
Start importing Packages/com.ptc.vuforia.engine/Vuforia/Scripts/VuforiaScripts.asmdef using Guid(4aa734a563557450591d3fe58a62a120) Importer(815301076,1909f56bfc062723c751e8b465ee728b)  -> (artifact id: 'b7d5e2c7938b0d975f5cf0ffadee5a09') in 0.565966 seconds 
  Import took 0.592767 seconds .

========================================================================
Received Import Request.
  Time since last request: 0.003169 seconds.
  path: Packages/com.ptc.vuforia.engine/Vuforia/Scripts
  artifactKey: Guid(d3deae265caa6a947b9981c2a1bc15f0) Importer(815301076,1909f56bfc062723c751e8b465ee728b)
Start importing Packages/com.ptc.vuforia.engine/Vuforia/Scripts using Guid(d3deae265caa6a947b9981c2a1bc15f0) Importer(815301076,1909f56bfc062723c751e8b465ee728b)  -> (artifact id: '7e5d4d4093ae51104cf9a50e14fbd72c') in 0.036895 seconds 
  Import took 0.040898 seconds .

========================================================================
Received Import Request.
  Time since last request: 0.000363 seconds.
  path: Packages/com.ptc.vuforia.engine/readme-add-package-via-git-url-reference-image.png
  artifactKey: Guid(750cc6e77aa924340bf2262e41b7b3b2) Importer(815301076,1909f56bfc062723c751e8b465ee728b)
Start importing Packages/com.ptc.vuforia.engine/readme-add-package-via-git-url-reference-image.png using Guid(750cc6e77aa924340bf2262e41b7b3b2) Importer(815301076,1909f56bfc062723c751e8b465ee728b)  -> (artifact id: '82d12e6aad0e4d309e59021a1d3856eb') in 2.212285 seconds 
  Import took 2.256979 seconds .

========================================================================
Received Import Request.
  Time since last request: 22.487130 seconds.
  path: Packages/com.ptc.vuforia.engine/Vuforia/Scripts/DefaultAreaTargetEventHandler.cs
  artifactKey: Guid(af19d4b80f4fc4950b99eb9ea78ab6ef) Importer(815301076,1909f56bfc062723c751e8b465ee728b)
Start importing Packages/com.ptc.vuforia.engine/Vuforia/Scripts/DefaultAreaTargetEventHandler.cs using Guid(af19d4b80f4fc4950b99eb9ea78ab6ef) Importer(815301076,1909f56bfc062723c751e8b465ee728b)  -> (artifact id: 'cb13ebe605c9dff6ff5860fab35431ca') in 0.056568 seconds 
  Import took 0.060748 seconds .

========================================================================
Received Import Request.
  Time since last request: 26.875794 seconds.
  path: Packages/com.ptc.vuforia.engine/Vuforia/Scripts/DefaultInitializationErrorHandler.cs
  artifactKey: Guid(c47f92041efbb4b429a4eafca855ebe3) Importer(815301076,1909f56bfc062723c751e8b465ee728b)
Start importing Packages/com.ptc.vuforia.engine/Vuforia/Scripts/DefaultInitializationErrorHandler.cs using Guid(c47f92041efbb4b429a4eafca855ebe3) Importer(815301076,1909f56bfc062723c751e8b465ee728b)  -> (artifact id: '37698b25bc3209f44c906e5b85c04145') in 0.046560 seconds 
  Import took 0.104322 seconds .

========================================================================
Received Import Request.
  Time since last request: 3.574847 seconds.
  path: Packages/com.ptc.vuforia.engine/Vuforia/Scripts/DefaultObserverEventHandler.cs
  artifactKey: Guid(886328de6a5c14cbb85854fdf1a5085b) Importer(815301076,1909f56bfc062723c751e8b465ee728b)
Start importing Packages/com.ptc.vuforia.engine/Vuforia/Scripts/DefaultObserverEventHandler.cs using Guid(886328de6a5c14cbb85854fdf1a5085b) Importer(815301076,1909f56bfc062723c751e8b465ee728b)  -> (artifact id: 'bedc7f5d754b598ac4370d9644bd1ad8') in 0.035745 seconds 
  Import took 0.115301 seconds .

========================================================================
Received Import Request.
  Time since last request: 23.004684 seconds.
  path: Packages/com.ptc.vuforia.engine/Vuforia/Scripts/Internal
  artifactKey: Guid(f5cecbfda7a73445eb60d7bcdface705) Importer(815301076,1909f56bfc062723c751e8b465ee728b)
Start importing Packages/com.ptc.vuforia.engine/Vuforia/Scripts/Internal using Guid(f5cecbfda7a73445eb60d7bcdface705) Importer(815301076,1909f56bfc062723c751e8b465ee728b)  -> (artifact id: 'a8fe4a906c81fc18266e014e6bd877c6') in 0.293294 seconds 
  Import took 0.361596 seconds .

========================================================================
Received Import Request.
  Time since last request: 0.985890 seconds.
  path: Packages/com.ptc.vuforia.engine/Vuforia/Scripts/Internal/RuntimeOpenSourceInitializer.cs
  artifactKey: Guid(2540246fb3ca1c34a9358b891acb61f5) Importer(815301076,1909f56bfc062723c751e8b465ee728b)
Start importing Packages/com.ptc.vuforia.engine/Vuforia/Scripts/Internal/RuntimeOpenSourceInitializer.cs using Guid(2540246fb3ca1c34a9358b891acb61f5) Importer(815301076,1909f56bfc062723c751e8b465ee728b)  -> (artifact id: 'af98a495506e2a06d23446a8e7fe6a77') in 0.006896 seconds 
  Import took 0.096120 seconds .

========================================================================
Received Import Request.
  Time since last request: 5.318966 seconds.
  path: Packages/com.ptc.vuforia.engine/Vuforia/Scripts/Internal/ARFoundationIntegration
  artifactKey: Guid(eff573da33ccf49d9a812ac13bb6aa2d) Importer(815301076,1909f56bfc062723c751e8b465ee728b)
Start importing Packages/com.ptc.vuforia.engine/Vuforia/Scripts/Internal/ARFoundationIntegration using Guid(eff573da33ccf49d9a812ac13bb6aa2d) Importer(815301076,1909f56bfc062723c751e8b465ee728b)  -> (artifact id: '87a1c17d8042dbf7e722d132be6153ae') in 0.053388 seconds 
  Import took 0.077658 seconds .

========================================================================
Received Import Request.
  Time since last request: 1.416730 seconds.
  path: Packages/com.ptc.vuforia.engine/Vuforia/Scripts/Internal/ARFoundationIntegration/ARFoundationFacade.cs
  artifactKey: Guid(02018e9fe9c834e7ab5f9b08e5b63a9c) Importer(815301076,1909f56bfc062723c751e8b465ee728b)
Start importing Packages/com.ptc.vuforia.engine/Vuforia/Scripts/Internal/ARFoundationIntegration/ARFoundationFacade.cs using Guid(02018e9fe9c834e7ab5f9b08e5b63a9c) Importer(815301076,1909f56bfc062723c751e8b465ee728b)  -> (artifact id: 'bbe86d60fcee50affb4c511ad6f53521') in 0.055765 seconds 
  Import took 0.062760 seconds .

========================================================================
Received Import Request.
  Time since last request: 8032.952855 seconds.
  path: Assets/Scripts/ActivateEffects.cs
  artifactKey: Guid(c94755c7e7dc84884b12a7ea0f2d576e) Importer(815301076,1909f56bfc062723c751e8b465ee728b)
Start importing Assets/Scripts/ActivateEffects.cs using Guid(c94755c7e7dc84884b12a7ea0f2d576e) Importer(815301076,1909f56bfc062723c751e8b465ee728b)  -> (artifact id: '06ff8773cc2c3787d306bc73e6056d9d') in 0.074676 seconds 
  Import took 0.314292 seconds .

========================================================================
Received Prepare
Registering precompiled user dll's ...
Registered in 0.486542 seconds.
Begin MonoManager ReloadAssembly
Native extension for WindowsStandalone target not found
Native extension for OSXStandalone target not found
Refreshing native plugins compatible for Editor in 0.63 ms, found 6 plugins.
Preloading 3 native plugins for Editor in 7.63 ms.
System.NullReferenceException: Object reference not set to an instance of an object
  at Vuforia.EditorClasses.ExtensionTypeProvider.GetVuforiaPackageAbsPath () [0x0004a] in <fa936954903d455ab607cdebc0675fa6>:0 
  at Vuforia.EditorClasses.ExtensionTypeProvider.IsPackageManager () [0x00000] in <fa936954903d455ab607cdebc0675fa6>:0 
  at Vuforia.EditorClasses.ExtensionTypeProvider.ResolvePluginType () [0x00009] in <fa936954903d455ab607cdebc0675fa6>:0 
  at Vuforia.EditorClasses.ExtensionTypeProvider.GetPluginType () [0x0000c] in <fa936954903d455ab607cdebc0675fa6>:0 
  at Vuforia.EditorClasses.VuforiaUtilities.IsVuforiaEnabledInPlayerSettings () [0x00000] in <fa936954903d455ab607cdebc0675fa6>:0 
  at VuforiaEnabledObserver..cctor () [0x00000] in <fa936954903d455ab607cdebc0675fa6>:0 
UnityEngine.StackTraceUtility:ExtractStackTrace () (at /Users/bokken/buildslave/unity/build/Runtime/Export/Scripting/StackTrace.cs:37)
UnityEngine.DebugLogHandler:LogFormat (UnityEngine.LogType,UnityEngine.Object,string,object[])
UnityEngine.Logger:Log (UnityEngine.LogType,object)
UnityEngine.Debug:LogError (object)
UnityEditor.EditorAssemblies:ProcessInitializeOnLoadAttributes (System.Type[]) (at /Users/bokken/buildslave/unity/build/Editor/Mono/EditorAssemblies.cs:138)

(Filename: /Users/bokken/buildslave/unity/build/Editor/Mono/EditorAssemblies.cs Line: 138)

System.NullReferenceException: Object reference not set to an instance of an object
  at Vuforia.EditorClasses.ExtensionTypeProvider.GetVuforiaPackageAbsPath () [0x0004a] in <fa936954903d455ab607cdebc0675fa6>:0 
  at Vuforia.EditorClasses.ExtensionTypeProvider.IsPackageManager () [0x00000] in <fa936954903d455ab607cdebc0675fa6>:0 
  at Vuforia.EditorClasses.ExtensionTypeProvider.ResolvePluginType () [0x00009] in <fa936954903d455ab607cdebc0675fa6>:0 
  at Vuforia.EditorClasses.ExtensionTypeProvider.GetPluginType () [0x0000c] in <fa936954903d455ab607cdebc0675fa6>:0 
  at Vuforia.EditorClasses.VuforiaUtilities.IsVuforiaEnabledInPlayerSettings () [0x00000] in <fa936954903d455ab607cdebc0675fa6>:0 
  at Vuforia.EditorClasses.InitializeOnLoadVuforiaTaskRunner..cctor () [0x00015] in <fa936954903d455ab607cdebc0675fa6>:0 
UnityEngine.StackTraceUtility:ExtractStackTrace () (at /Users/bokken/buildslave/unity/build/Runtime/Export/Scripting/StackTrace.cs:37)
UnityEngine.DebugLogHandler:LogFormat (UnityEngine.LogType,UnityEngine.Object,string,object[])
UnityEngine.Logger:Log (UnityEngine.LogType,object)
UnityEngine.Debug:LogError (object)
UnityEditor.EditorAssemblies:ProcessInitializeOnLoadAttributes (System.Type[]) (at /Users/bokken/buildslave/unity/build/Editor/Mono/EditorAssemblies.cs:138)

(Filename: /Users/bokken/buildslave/unity/build/Editor/Mono/EditorAssemblies.cs Line: 138)

Mono: successfully reloaded assembly
- Completed reload, in  3.395 seconds
Domain Reload Profiling:
	ReloadAssembly (3397ms)
		BeginReloadAssembly (258ms)
			ExecutionOrderSort (0ms)
			DisableScriptedObjects (11ms)
			BackupInstance (0ms)
			ReleaseScriptingObjects (0ms)
			CreateAndSetChildDomain (155ms)
		EndReloadAssembly (3042ms)
			LoadAssemblies (549ms)
			RebuildTransferFunctionScriptingTraits (0ms)
			SetupTypeCache (523ms)
			ReleaseScriptCaches (1ms)
			RebuildScriptCaches (65ms)
			SetupLoadedEditorAssemblies (1618ms)
				LogAssemblyErrors (0ms)
				InitializePlatformSupportModulesInManaged (8ms)
				SetLoadedEditorAssemblies (1ms)
				RefreshPlugins (8ms)
				BeforeProcessingInitializeOnLoad (166ms)
				ProcessInitializeOnLoadAttributes (639ms)
				ProcessInitializeOnLoadMethodAttributes (795ms)
				AfterProcessingInitializeOnLoad (2ms)
				EditorAssembliesLoaded (0ms)
			ExecutionOrderSort2 (0ms)
			AwakeInstancesAfterBackupRestoration (9ms)
Platform modules already initialized, skipping
Refreshing native plugins compatible for Editor in 0.60 ms, found 6 plugins.
Preloading 3 native plugins for Editor in 6.85 ms.
Unloading 1524 Unused Serialized files (Serialized files now loaded: 0)
System memory in use before: 201.2 MB.
System memory in use after: 201.3 MB.

Unloading 41 unused Assets to reduce memory usage. Loaded Objects now: 2306.
Total: 4.424928 ms (FindLiveObjects: 0.367365 ms CreateObjectMapping: 0.144995 ms MarkObjects: 3.811103 ms  DeleteObjects: 0.100227 ms)

AssetImportParameters requested are different than current active one (requested -> active):
  custom:video-decoder-ogg-theora: a1e56fd34408186e4bbccfd4996cb3dc -> 
  custom:container-muxer-webm: aa71ff27fc2769a1b78a27578f13a17b -> 
  custom:container-demuxer-webm: 4f35f7cbe854078d1ac9338744f61a02 -> 
  custom:container-demuxer-ogg: 62fdf1f143b41e24485cea50d1cbac27 -> 
  custom:video-encoder-webm-vp8: eb34c28f22e8b96e1ab97ce403110664 -> 
  custom:framework-osx-AVFoundation: b23960f63f64bdc6ff669e2cdcee2391 -> 
  custom:video-decoder-webm-vp8: 9c59270c3fd7afecdb556c50c9e8de78 -> 
  custom:audio-decoder-ogg-vorbis: bf7c407c2cedff20999df2af8eb42d56 -> 
  custom:audio-encoder-webm-vorbis: bf7c407c2cedff20999df2af8eb42d56 -> 
========================================================================
Received Import Request.
  Time since last request: 810.156946 seconds.
  path: Assets/Scripts/ActivateEffects.cs
  artifactKey: Guid(c94755c7e7dc84884b12a7ea0f2d576e) Importer(815301076,1909f56bfc062723c751e8b465ee728b)
Start importing Assets/Scripts/ActivateEffects.cs using Guid(c94755c7e7dc84884b12a7ea0f2d576e) Importer(815301076,1909f56bfc062723c751e8b465ee728b)  -> (artifact id: '981249e0cc72af132f32023f702fe997') in 0.075584 seconds 
  Import took 7.829654 seconds .

========================================================================
Received Prepare
Registering precompiled user dll's ...
Registered in 0.658931 seconds.
Begin MonoManager ReloadAssembly
Native extension for WindowsStandalone target not found
Native extension for OSXStandalone target not found
Refreshing native plugins compatible for Editor in 0.64 ms, found 6 plugins.
Preloading 3 native plugins for Editor in 7.11 ms.
System.NullReferenceException: Object reference not set to an instance of an object
  at Vuforia.EditorClasses.ExtensionTypeProvider.GetVuforiaPackageAbsPath () [0x0004a] in <fa936954903d455ab607cdebc0675fa6>:0 
  at Vuforia.EditorClasses.ExtensionTypeProvider.IsPackageManager () [0x00000] in <fa936954903d455ab607cdebc0675fa6>:0 
  at Vuforia.EditorClasses.ExtensionTypeProvider.ResolvePluginType () [0x00009] in <fa936954903d455ab607cdebc0675fa6>:0 
  at Vuforia.EditorClasses.ExtensionTypeProvider.GetPluginType () [0x0000c] in <fa936954903d455ab607cdebc0675fa6>:0 
  at Vuforia.EditorClasses.VuforiaUtilities.IsVuforiaEnabledInPlayerSettings () [0x00000] in <fa936954903d455ab607cdebc0675fa6>:0 
  at VuforiaEnabledObserver..cctor () [0x00000] in <fa936954903d455ab607cdebc0675fa6>:0 
UnityEngine.StackTraceUtility:ExtractStackTrace () (at /Users/bokken/buildslave/unity/build/Runtime/Export/Scripting/StackTrace.cs:37)
UnityEngine.DebugLogHandler:LogFormat (UnityEngine.LogType,UnityEngine.Object,string,object[])
UnityEngine.Logger:Log (UnityEngine.LogType,object)
UnityEngine.Debug:LogError (object)
UnityEditor.EditorAssemblies:ProcessInitializeOnLoadAttributes (System.Type[]) (at /Users/bokken/buildslave/unity/build/Editor/Mono/EditorAssemblies.cs:138)

(Filename: /Users/bokken/buildslave/unity/build/Editor/Mono/EditorAssemblies.cs Line: 138)

System.NullReferenceException: Object reference not set to an instance of an object
  at Vuforia.EditorClasses.ExtensionTypeProvider.GetVuforiaPackageAbsPath () [0x0004a] in <fa936954903d455ab607cdebc0675fa6>:0 
  at Vuforia.EditorClasses.ExtensionTypeProvider.IsPackageManager () [0x00000] in <fa936954903d455ab607cdebc0675fa6>:0 
  at Vuforia.EditorClasses.ExtensionTypeProvider.ResolvePluginType () [0x00009] in <fa936954903d455ab607cdebc0675fa6>:0 
  at Vuforia.EditorClasses.ExtensionTypeProvider.GetPluginType () [0x0000c] in <fa936954903d455ab607cdebc0675fa6>:0 
  at Vuforia.EditorClasses.VuforiaUtilities.IsVuforiaEnabledInPlayerSettings () [0x00000] in <fa936954903d455ab607cdebc0675fa6>:0 
  at Vuforia.EditorClasses.InitializeOnLoadVuforiaTaskRunner..cctor () [0x00015] in <fa936954903d455ab607cdebc0675fa6>:0 
UnityEngine.StackTraceUtility:ExtractStackTrace () (at /Users/bokken/buildslave/unity/build/Runtime/Export/Scripting/StackTrace.cs:37)
UnityEngine.DebugLogHandler:LogFormat (UnityEngine.LogType,UnityEngine.Object,string,object[])
UnityEngine.Logger:Log (UnityEngine.LogType,object)
UnityEngine.Debug:LogError (object)
UnityEditor.EditorAssemblies:ProcessInitializeOnLoadAttributes (System.Type[]) (at /Users/bokken/buildslave/unity/build/Editor/Mono/EditorAssemblies.cs:138)

(Filename: /Users/bokken/buildslave/unity/build/Editor/Mono/EditorAssemblies.cs Line: 138)

Mono: successfully reloaded assembly
- Completed reload, in  1.750 seconds
Domain Reload Profiling:
	ReloadAssembly (1751ms)
		BeginReloadAssembly (250ms)
			ExecutionOrderSort (0ms)
			DisableScriptedObjects (10ms)
			BackupInstance (0ms)
			ReleaseScriptingObjects (0ms)
			CreateAndSetChildDomain (135ms)
		EndReloadAssembly (1406ms)
			LoadAssemblies (210ms)
			RebuildTransferFunctionScriptingTraits (0ms)
			SetupTypeCache (494ms)
			ReleaseScriptCaches (1ms)
			RebuildScriptCaches (66ms)
			SetupLoadedEditorAssemblies (480ms)
				LogAssemblyErrors (0ms)
				InitializePlatformSupportModulesInManaged (7ms)
				SetLoadedEditorAssemblies (1ms)
				RefreshPlugins (8ms)
				BeforeProcessingInitializeOnLoad (153ms)
				ProcessInitializeOnLoadAttributes (298ms)
				ProcessInitializeOnLoadMethodAttributes (13ms)
				AfterProcessingInitializeOnLoad (2ms)
				EditorAssembliesLoaded (0ms)
			ExecutionOrderSort2 (0ms)
			AwakeInstancesAfterBackupRestoration (10ms)
Platform modules already initialized, skipping
Refreshing native plugins compatible for Editor in 0.63 ms, found 6 plugins.
Preloading 3 native plugins for Editor in 7.13 ms.
Unloading 1524 Unused Serialized files (Serialized files now loaded: 0)
System memory in use before: 201.4 MB.
System memory in use after: 201.5 MB.

Unloading 41 unused Assets to reduce memory usage. Loaded Objects now: 2309.
Total: 4.122733 ms (FindLiveObjects: 0.271210 ms CreateObjectMapping: 0.092353 ms MarkObjects: 3.677436 ms  DeleteObjects: 0.080427 ms)

AssetImportParameters requested are different than current active one (requested -> active):
  custom:video-decoder-ogg-theora: a1e56fd34408186e4bbccfd4996cb3dc -> 
  custom:container-muxer-webm: aa71ff27fc2769a1b78a27578f13a17b -> 
  custom:container-demuxer-webm: 4f35f7cbe854078d1ac9338744f61a02 -> 
  custom:container-demuxer-ogg: 62fdf1f143b41e24485cea50d1cbac27 -> 
  custom:video-encoder-webm-vp8: eb34c28f22e8b96e1ab97ce403110664 -> 
  custom:framework-osx-AVFoundation: b23960f63f64bdc6ff669e2cdcee2391 -> 
  custom:video-decoder-webm-vp8: 9c59270c3fd7afecdb556c50c9e8de78 -> 
  custom:audio-decoder-ogg-vorbis: bf7c407c2cedff20999df2af8eb42d56 -> 
  custom:audio-encoder-webm-vorbis: bf7c407c2cedff20999df2af8eb42d56 -> 
========================================================================
Received Prepare
Registering precompiled user dll's ...
Registered in 1.471882 seconds.
Begin MonoManager ReloadAssembly
Native extension for WindowsStandalone target not found
Native extension for OSXStandalone target not found
Refreshing native plugins compatible for Editor in 0.84 ms, found 6 plugins.
Preloading 3 native plugins for Editor in 9.22 ms.
System.NullReferenceException: Object reference not set to an instance of an object
  at Vuforia.EditorClasses.ExtensionTypeProvider.GetVuforiaPackageAbsPath () [0x0004a] in <fa936954903d455ab607cdebc0675fa6>:0 
  at Vuforia.EditorClasses.ExtensionTypeProvider.IsPackageManager () [0x00000] in <fa936954903d455ab607cdebc0675fa6>:0 
  at Vuforia.EditorClasses.ExtensionTypeProvider.ResolvePluginType () [0x00009] in <fa936954903d455ab607cdebc0675fa6>:0 
  at Vuforia.EditorClasses.ExtensionTypeProvider.GetPluginType () [0x0000c] in <fa936954903d455ab607cdebc0675fa6>:0 
  at Vuforia.EditorClasses.VuforiaUtilities.IsVuforiaEnabledInPlayerSettings () [0x00000] in <fa936954903d455ab607cdebc0675fa6>:0 
  at VuforiaEnabledObserver..cctor () [0x00000] in <fa936954903d455ab607cdebc0675fa6>:0 
UnityEngine.StackTraceUtility:ExtractStackTrace () (at /Users/bokken/buildslave/unity/build/Runtime/Export/Scripting/StackTrace.cs:37)
UnityEngine.DebugLogHandler:LogFormat (UnityEngine.LogType,UnityEngine.Object,string,object[])
UnityEngine.Logger:Log (UnityEngine.LogType,object)
UnityEngine.Debug:LogError (object)
UnityEditor.EditorAssemblies:ProcessInitializeOnLoadAttributes (System.Type[]) (at /Users/bokken/buildslave/unity/build/Editor/Mono/EditorAssemblies.cs:138)

(Filename: /Users/bokken/buildslave/unity/build/Editor/Mono/EditorAssemblies.cs Line: 138)

System.NullReferenceException: Object reference not set to an instance of an object
  at Vuforia.EditorClasses.ExtensionTypeProvider.GetVuforiaPackageAbsPath () [0x0004a] in <fa936954903d455ab607cdebc0675fa6>:0 
  at Vuforia.EditorClasses.ExtensionTypeProvider.IsPackageManager () [0x00000] in <fa936954903d455ab607cdebc0675fa6>:0 
  at Vuforia.EditorClasses.ExtensionTypeProvider.ResolvePluginType () [0x00009] in <fa936954903d455ab607cdebc0675fa6>:0 
  at Vuforia.EditorClasses.ExtensionTypeProvider.GetPluginType () [0x0000c] in <fa936954903d455ab607cdebc0675fa6>:0 
  at Vuforia.EditorClasses.VuforiaUtilities.IsVuforiaEnabledInPlayerSettings () [0x00000] in <fa936954903d455ab607cdebc0675fa6>:0 
  at Vuforia.EditorClasses.InitializeOnLoadVuforiaTaskRunner..cctor () [0x00015] in <fa936954903d455ab607cdebc0675fa6>:0 
UnityEngine.StackTraceUtility:ExtractStackTrace () (at /Users/bokken/buildslave/unity/build/Runtime/Export/Scripting/StackTrace.cs:37)
UnityEngine.DebugLogHandler:LogFormat (UnityEngine.LogType,UnityEngine.Object,string,object[])
UnityEngine.Logger:Log (UnityEngine.LogType,object)
UnityEngine.Debug:LogError (object)
UnityEditor.EditorAssemblies:ProcessInitializeOnLoadAttributes (System.Type[]) (at /Users/bokken/buildslave/unity/build/Editor/Mono/EditorAssemblies.cs:138)

(Filename: /Users/bokken/buildslave/unity/build/Editor/Mono/EditorAssemblies.cs Line: 138)

Mono: successfully reloaded assembly
- Completed reload, in  2.314 seconds
Domain Reload Profiling:
	ReloadAssembly (2335ms)
		BeginReloadAssembly (225ms)
			ExecutionOrderSort (0ms)
			DisableScriptedObjects (7ms)
			BackupInstance (0ms)
			ReleaseScriptingObjects (0ms)
			CreateAndSetChildDomain (112ms)
		EndReloadAssembly (2003ms)
			LoadAssemblies (533ms)
			RebuildTransferFunctionScriptingTraits (0ms)
			SetupTypeCache (608ms)
			ReleaseScriptCaches (1ms)
			RebuildScriptCaches (83ms)
			SetupLoadedEditorAssemblies (589ms)
				LogAssemblyErrors (0ms)
				InitializePlatformSupportModulesInManaged (9ms)
				SetLoadedEditorAssemblies (1ms)
				RefreshPlugins (10ms)
				BeforeProcessingInitializeOnLoad (181ms)
				ProcessInitializeOnLoadAttributes (368ms)
				ProcessInitializeOnLoadMethodAttributes (15ms)
				AfterProcessingInitializeOnLoad (2ms)
				EditorAssembliesLoaded (1ms)
			ExecutionOrderSort2 (0ms)
			AwakeInstancesAfterBackupRestoration (11ms)
Platform modules already initialized, skipping
Refreshing native plugins compatible for Editor in 0.65 ms, found 6 plugins.
Preloading 3 native plugins for Editor in 7.17 ms.
Unloading 1524 Unused Serialized files (Serialized files now loaded: 0)
System memory in use before: 201.7 MB.
System memory in use after: 201.7 MB.

Unloading 41 unused Assets to reduce memory usage. Loaded Objects now: 2312.
Total: 5.318571 ms (FindLiveObjects: 0.250601 ms CreateObjectMapping: 0.114661 ms MarkObjects: 4.840713 ms  DeleteObjects: 0.111349 ms)

AssetImportParameters requested are different than current active one (requested -> active):
  custom:video-decoder-ogg-theora: a1e56fd34408186e4bbccfd4996cb3dc -> 
  custom:container-muxer-webm: aa71ff27fc2769a1b78a27578f13a17b -> 
  custom:container-demuxer-webm: 4f35f7cbe854078d1ac9338744f61a02 -> 
  custom:container-demuxer-ogg: 62fdf1f143b41e24485cea50d1cbac27 -> 
  custom:video-encoder-webm-vp8: eb34c28f22e8b96e1ab97ce403110664 -> 
  custom:framework-osx-AVFoundation: b23960f63f64bdc6ff669e2cdcee2391 -> 
  custom:video-decoder-webm-vp8: 9c59270c3fd7afecdb556c50c9e8de78 -> 
  custom:audio-decoder-ogg-vorbis: bf7c407c2cedff20999df2af8eb42d56 -> 
  custom:audio-encoder-webm-vorbis: bf7c407c2cedff20999df2af8eb42d56 -> 
========================================================================
Received Prepare
Registering precompiled user dll's ...
Registered in 1.102466 seconds.
Begin MonoManager ReloadAssembly
Native extension for WindowsStandalone target not found
Native extension for OSXStandalone target not found
Refreshing native plugins compatible for Editor in 0.64 ms, found 6 plugins.
Preloading 3 native plugins for Editor in 6.71 ms.
System.NullReferenceException: Object reference not set to an instance of an object
  at Vuforia.EditorClasses.ExtensionTypeProvider.GetVuforiaPackageAbsPath () [0x0004a] in <fa936954903d455ab607cdebc0675fa6>:0 
  at Vuforia.EditorClasses.ExtensionTypeProvider.IsPackageManager () [0x00000] in <fa936954903d455ab607cdebc0675fa6>:0 
  at Vuforia.EditorClasses.ExtensionTypeProvider.ResolvePluginType () [0x00009] in <fa936954903d455ab607cdebc0675fa6>:0 
  at Vuforia.EditorClasses.ExtensionTypeProvider.GetPluginType () [0x0000c] in <fa936954903d455ab607cdebc0675fa6>:0 
  at Vuforia.EditorClasses.VuforiaUtilities.IsVuforiaEnabledInPlayerSettings () [0x00000] in <fa936954903d455ab607cdebc0675fa6>:0 
  at VuforiaEnabledObserver..cctor () [0x00000] in <fa936954903d455ab607cdebc0675fa6>:0 
UnityEngine.StackTraceUtility:ExtractStackTrace () (at /Users/bokken/buildslave/unity/build/Runtime/Export/Scripting/StackTrace.cs:37)
UnityEngine.DebugLogHandler:LogFormat (UnityEngine.LogType,UnityEngine.Object,string,object[])
UnityEngine.Logger:Log (UnityEngine.LogType,object)
UnityEngine.Debug:LogError (object)
UnityEditor.EditorAssemblies:ProcessInitializeOnLoadAttributes (System.Type[]) (at /Users/bokken/buildslave/unity/build/Editor/Mono/EditorAssemblies.cs:138)

(Filename: /Users/bokken/buildslave/unity/build/Editor/Mono/EditorAssemblies.cs Line: 138)

System.NullReferenceException: Object reference not set to an instance of an object
  at Vuforia.EditorClasses.ExtensionTypeProvider.GetVuforiaPackageAbsPath () [0x0004a] in <fa936954903d455ab607cdebc0675fa6>:0 
  at Vuforia.EditorClasses.ExtensionTypeProvider.IsPackageManager () [0x00000] in <fa936954903d455ab607cdebc0675fa6>:0 
  at Vuforia.EditorClasses.ExtensionTypeProvider.ResolvePluginType () [0x00009] in <fa936954903d455ab607cdebc0675fa6>:0 
  at Vuforia.EditorClasses.ExtensionTypeProvider.GetPluginType () [0x0000c] in <fa936954903d455ab607cdebc0675fa6>:0 
  at Vuforia.EditorClasses.VuforiaUtilities.IsVuforiaEnabledInPlayerSettings () [0x00000] in <fa936954903d455ab607cdebc0675fa6>:0 
  at Vuforia.EditorClasses.InitializeOnLoadVuforiaTaskRunner..cctor () [0x00015] in <fa936954903d455ab607cdebc0675fa6>:0 
UnityEngine.StackTraceUtility:ExtractStackTrace () (at /Users/bokken/buildslave/unity/build/Runtime/Export/Scripting/StackTrace.cs:37)
UnityEngine.DebugLogHandler:LogFormat (UnityEngine.LogType,UnityEngine.Object,string,object[])
UnityEngine.Logger:Log (UnityEngine.LogType,object)
UnityEngine.Debug:LogError (object)
UnityEditor.EditorAssemblies:ProcessInitializeOnLoadAttributes (System.Type[]) (at /Users/bokken/buildslave/unity/build/Editor/Mono/EditorAssemblies.cs:138)

(Filename: /Users/bokken/buildslave/unity/build/Editor/Mono/EditorAssemblies.cs Line: 138)

Mono: successfully reloaded assembly
- Completed reload, in 17.224 seconds
Domain Reload Profiling:
	ReloadAssembly (17798ms)
		BeginReloadAssembly (1367ms)
			ExecutionOrderSort (0ms)
			DisableScriptedObjects (8ms)
			BackupInstance (0ms)
			ReleaseScriptingObjects (0ms)
			CreateAndSetChildDomain (95ms)
		EndReloadAssembly (16335ms)
			LoadAssemblies (12548ms)
			RebuildTransferFunctionScriptingTraits (0ms)
			SetupTypeCache (501ms)
			ReleaseScriptCaches (1ms)
			RebuildScriptCaches (69ms)
			SetupLoadedEditorAssemblies (2200ms)
				LogAssemblyErrors (0ms)
				InitializePlatformSupportModulesInManaged (157ms)
				SetLoadedEditorAssemblies (1ms)
				RefreshPlugins (140ms)
				BeforeProcessingInitializeOnLoad (155ms)
				ProcessInitializeOnLoadAttributes (698ms)
				ProcessInitializeOnLoadMethodAttributes (1047ms)
				AfterProcessingInitializeOnLoad (2ms)
				EditorAssembliesLoaded (0ms)
			ExecutionOrderSort2 (0ms)
			AwakeInstancesAfterBackupRestoration (10ms)
Platform modules already initialized, skipping
Refreshing native plugins compatible for Editor in 0.70 ms, found 6 plugins.
Preloading 3 native plugins for Editor in 7.26 ms.
Unloading 1524 Unused Serialized files (Serialized files now loaded: 0)
System memory in use before: 201.9 MB.
System memory in use after: 201.9 MB.

Unloading 41 unused Assets to reduce memory usage. Loaded Objects now: 2315.
Total: 5.007540 ms (FindLiveObjects: 0.196565 ms CreateObjectMapping: 0.097329 ms MarkObjects: 4.609799 ms  DeleteObjects: 0.102396 ms)

AssetImportParameters requested are different than current active one (requested -> active):
  custom:video-decoder-ogg-theora: a1e56fd34408186e4bbccfd4996cb3dc -> 
  custom:container-muxer-webm: aa71ff27fc2769a1b78a27578f13a17b -> 
  custom:container-demuxer-webm: 4f35f7cbe854078d1ac9338744f61a02 -> 
  custom:container-demuxer-ogg: 62fdf1f143b41e24485cea50d1cbac27 -> 
  custom:video-encoder-webm-vp8: eb34c28f22e8b96e1ab97ce403110664 -> 
  custom:framework-osx-AVFoundation: b23960f63f64bdc6ff669e2cdcee2391 -> 
  custom:video-decoder-webm-vp8: 9c59270c3fd7afecdb556c50c9e8de78 -> 
  custom:audio-decoder-ogg-vorbis: bf7c407c2cedff20999df2af8eb42d56 -> 
  custom:audio-encoder-webm-vorbis: bf7c407c2cedff20999df2af8eb42d56 -> 
========================================================================
Received Prepare
Registering precompiled user dll's ...
Registered in 5.587791 seconds.
Begin MonoManager ReloadAssembly
Native extension for WindowsStandalone target not found
Native extension for OSXStandalone target not found
Refreshing native plugins compatible for Editor in 0.75 ms, found 6 plugins.
Preloading 3 native plugins for Editor in 7.69 ms.
System.NullReferenceException: Object reference not set to an instance of an object
  at Vuforia.EditorClasses.ExtensionTypeProvider.GetVuforiaPackageAbsPath () [0x0004a] in <fa936954903d455ab607cdebc0675fa6>:0 
  at Vuforia.EditorClasses.ExtensionTypeProvider.IsPackageManager () [0x00000] in <fa936954903d455ab607cdebc0675fa6>:0 
  at Vuforia.EditorClasses.ExtensionTypeProvider.ResolvePluginType () [0x00009] in <fa936954903d455ab607cdebc0675fa6>:0 
  at Vuforia.EditorClasses.ExtensionTypeProvider.GetPluginType () [0x0000c] in <fa936954903d455ab607cdebc0675fa6>:0 
  at Vuforia.EditorClasses.VuforiaUtilities.IsVuforiaEnabledInPlayerSettings () [0x00000] in <fa936954903d455ab607cdebc0675fa6>:0 
  at VuforiaEnabledObserver..cctor () [0x00000] in <fa936954903d455ab607cdebc0675fa6>:0 
UnityEngine.StackTraceUtility:ExtractStackTrace () (at /Users/bokken/buildslave/unity/build/Runtime/Export/Scripting/StackTrace.cs:37)
UnityEngine.DebugLogHandler:LogFormat (UnityEngine.LogType,UnityEngine.Object,string,object[])
UnityEngine.Logger:Log (UnityEngine.LogType,object)
UnityEngine.Debug:LogError (object)
UnityEditor.EditorAssemblies:ProcessInitializeOnLoadAttributes (System.Type[]) (at /Users/bokken/buildslave/unity/build/Editor/Mono/EditorAssemblies.cs:138)

(Filename: /Users/bokken/buildslave/unity/build/Editor/Mono/EditorAssemblies.cs Line: 138)

System.NullReferenceException: Object reference not set to an instance of an object
  at Vuforia.EditorClasses.ExtensionTypeProvider.GetVuforiaPackageAbsPath () [0x0004a] in <fa936954903d455ab607cdebc0675fa6>:0 
  at Vuforia.EditorClasses.ExtensionTypeProvider.IsPackageManager () [0x00000] in <fa936954903d455ab607cdebc0675fa6>:0 
  at Vuforia.EditorClasses.ExtensionTypeProvider.ResolvePluginType () [0x00009] in <fa936954903d455ab607cdebc0675fa6>:0 
  at Vuforia.EditorClasses.ExtensionTypeProvider.GetPluginType () [0x0000c] in <fa936954903d455ab607cdebc0675fa6>:0 
  at Vuforia.EditorClasses.VuforiaUtilities.IsVuforiaEnabledInPlayerSettings () [0x00000] in <fa936954903d455ab607cdebc0675fa6>:0 
  at Vuforia.EditorClasses.InitializeOnLoadVuforiaTaskRunner..cctor () [0x00015] in <fa936954903d455ab607cdebc0675fa6>:0 
UnityEngine.StackTraceUtility:ExtractStackTrace () (at /Users/bokken/buildslave/unity/build/Runtime/Export/Scripting/StackTrace.cs:37)
UnityEngine.DebugLogHandler:LogFormat (UnityEngine.LogType,UnityEngine.Object,string,object[])
UnityEngine.Logger:Log (UnityEngine.LogType,object)
UnityEngine.Debug:LogError (object)
UnityEditor.EditorAssemblies:ProcessInitializeOnLoadAttributes (System.Type[]) (at /Users/bokken/buildslave/unity/build/Editor/Mono/EditorAssemblies.cs:138)

(Filename: /Users/bokken/buildslave/unity/build/Editor/Mono/EditorAssemblies.cs Line: 138)

Mono: successfully reloaded assembly
- Completed reload, in  4.740 seconds
Domain Reload Profiling:
	ReloadAssembly (4771ms)
		BeginReloadAssembly (510ms)
			ExecutionOrderSort (0ms)
			DisableScriptedObjects (12ms)
			BackupInstance (0ms)
			ReleaseScriptingObjects (0ms)
			CreateAndSetChildDomain (222ms)
		EndReloadAssembly (4158ms)
			LoadAssemblies (2327ms)
			RebuildTransferFunctionScriptingTraits (0ms)
			SetupTypeCache (648ms)
			ReleaseScriptCaches (1ms)
			RebuildScriptCaches (71ms)
			SetupLoadedEditorAssemblies (822ms)
				LogAssemblyErrors (0ms)
				InitializePlatformSupportModulesInManaged (7ms)
				SetLoadedEditorAssemblies (1ms)
				RefreshPlugins (9ms)
				BeforeProcessingInitializeOnLoad (165ms)
				ProcessInitializeOnLoadAttributes (555ms)
				ProcessInitializeOnLoadMethodAttributes (85ms)
				AfterProcessingInitializeOnLoad (2ms)
				EditorAssembliesLoaded (0ms)
			ExecutionOrderSort2 (0ms)
			AwakeInstancesAfterBackupRestoration (10ms)
Platform modules already initialized, skipping
Switching build target platform(2) subTarget(0) extendedPlatform(0) -> platform(13) subTarget(537395200) extendedPlatform(0)
Refreshing native plugins compatible for Editor in 0.72 ms, found 6 plugins.
Preloading 3 native plugins for Editor in 6.58 ms.
Unloading 1528 Unused Serialized files (Serialized files now loaded: 0)
System memory in use before: 200.9 MB.
System memory in use after: 201.0 MB.

Unloading 41 unused Assets to reduce memory usage. Loaded Objects now: 2318.
Total: 3.872244 ms (FindLiveObjects: 0.281496 ms CreateObjectMapping: 0.067292 ms MarkObjects: 3.423727 ms  DeleteObjects: 0.098727 ms)

AssetImportParameters requested are different than current active one (requested -> active):
  custom:video-decoder-ogg-theora: a1e56fd34408186e4bbccfd4996cb3dc -> 
  custom:container-muxer-webm: aa71ff27fc2769a1b78a27578f13a17b -> 
  custom:container-demuxer-webm: 4f35f7cbe854078d1ac9338744f61a02 -> 
  custom:container-demuxer-ogg: 62fdf1f143b41e24485cea50d1cbac27 -> 
  custom:video-encoder-webm-vp8: eb34c28f22e8b96e1ab97ce403110664 -> 
  custom:framework-osx-AVFoundation: b23960f63f64bdc6ff669e2cdcee2391 -> 
  custom:video-decoder-webm-vp8: 9c59270c3fd7afecdb556c50c9e8de78 -> 
  custom:graphics/normal-map-encoding: 01000000000000000000000000000000 -> 02000000000000000000000000000000
  custom:audio-decoder-ogg-vorbis: bf7c407c2cedff20999df2af8eb42d56 -> 
  custom:audio-encoder-webm-vorbis: bf7c407c2cedff20999df2af8eb42d56 -> 
========================================================================
Received Prepare
Refreshing native plugins compatible for Editor in 523.84 ms, found 6 plugins.
Preloading 3 native plugins for Editor in 6.87 ms.
Unloading 39 Unused Serialized files (Serialized files now loaded: 0)
System memory in use before: 171.7 MB.
System memory in use after: 171.8 MB.

Unloading 39 unused Assets to reduce memory usage. Loaded Objects now: 2318.
Total: 4.089934 ms (FindLiveObjects: 0.208006 ms CreateObjectMapping: 0.068563 ms MarkObjects: 3.692172 ms  DeleteObjects: 0.119927 ms)

AssetImportParameters requested are different than current active one (requested -> active):
  custom:video-decoder-ogg-theora: a1e56fd34408186e4bbccfd4996cb3dc -> 
  custom:container-muxer-webm: aa71ff27fc2769a1b78a27578f13a17b -> 
  custom:container-demuxer-webm: 4f35f7cbe854078d1ac9338744f61a02 -> 
  custom:container-demuxer-ogg: 62fdf1f143b41e24485cea50d1cbac27 -> 
  custom:video-encoder-webm-vp8: eb34c28f22e8b96e1ab97ce403110664 -> 
  custom:framework-osx-AVFoundation: b23960f63f64bdc6ff669e2cdcee2391 -> 
  custom:video-decoder-webm-vp8: 9c59270c3fd7afecdb556c50c9e8de78 -> 
  custom:audio-decoder-ogg-vorbis: bf7c407c2cedff20999df2af8eb42d56 -> 
  custom:audio-encoder-webm-vorbis: bf7c407c2cedff20999df2af8eb42d56 -> 
========================================================================
Received Prepare
Registering precompiled user dll's ...
Registered in 0.386003 seconds.
Begin MonoManager ReloadAssembly
Native extension for WindowsStandalone target not found
Native extension for OSXStandalone target not found
Refreshing native plugins compatible for Editor in 0.69 ms, found 6 plugins.
Preloading 3 native plugins for Editor in 6.89 ms.
System.NullReferenceException: Object reference not set to an instance of an object
  at Vuforia.EditorClasses.ExtensionTypeProvider.GetVuforiaPackageAbsPath () [0x0004a] in <fa936954903d455ab607cdebc0675fa6>:0 
  at Vuforia.EditorClasses.ExtensionTypeProvider.IsPackageManager () [0x00000] in <fa936954903d455ab607cdebc0675fa6>:0 
  at Vuforia.EditorClasses.ExtensionTypeProvider.ResolvePluginType () [0x00009] in <fa936954903d455ab607cdebc0675fa6>:0 
  at Vuforia.EditorClasses.ExtensionTypeProvider.GetPluginType () [0x0000c] in <fa936954903d455ab607cdebc0675fa6>:0 
  at Vuforia.EditorClasses.VuforiaUtilities.IsVuforiaEnabledInPlayerSettings () [0x00000] in <fa936954903d455ab607cdebc0675fa6>:0 
  at VuforiaEnabledObserver..cctor () [0x00000] in <fa936954903d455ab607cdebc0675fa6>:0 
UnityEngine.StackTraceUtility:ExtractStackTrace () (at /Users/bokken/buildslave/unity/build/Runtime/Export/Scripting/StackTrace.cs:37)
UnityEngine.DebugLogHandler:LogFormat (UnityEngine.LogType,UnityEngine.Object,string,object[])
UnityEngine.Logger:Log (UnityEngine.LogType,object)
UnityEngine.Debug:LogError (object)
UnityEditor.EditorAssemblies:ProcessInitializeOnLoadAttributes (System.Type[]) (at /Users/bokken/buildslave/unity/build/Editor/Mono/EditorAssemblies.cs:138)

(Filename: /Users/bokken/buildslave/unity/build/Editor/Mono/EditorAssemblies.cs Line: 138)

System.NullReferenceException: Object reference not set to an instance of an object
  at Vuforia.EditorClasses.ExtensionTypeProvider.GetVuforiaPackageAbsPath () [0x0004a] in <fa936954903d455ab607cdebc0675fa6>:0 
  at Vuforia.EditorClasses.ExtensionTypeProvider.IsPackageManager () [0x00000] in <fa936954903d455ab607cdebc0675fa6>:0 
  at Vuforia.EditorClasses.ExtensionTypeProvider.ResolvePluginType () [0x00009] in <fa936954903d455ab607cdebc0675fa6>:0 
  at Vuforia.EditorClasses.ExtensionTypeProvider.GetPluginType () [0x0000c] in <fa936954903d455ab607cdebc0675fa6>:0 
  at Vuforia.EditorClasses.VuforiaUtilities.IsVuforiaEnabledInPlayerSettings () [0x00000] in <fa936954903d455ab607cdebc0675fa6>:0 
  at Vuforia.EditorClasses.InitializeOnLoadVuforiaTaskRunner..cctor () [0x00015] in <fa936954903d455ab607cdebc0675fa6>:0 
UnityEngine.StackTraceUtility:ExtractStackTrace () (at /Users/bokken/buildslave/unity/build/Runtime/Export/Scripting/StackTrace.cs:37)
UnityEngine.DebugLogHandler:LogFormat (UnityEngine.LogType,UnityEngine.Object,string,object[])
UnityEngine.Logger:Log (UnityEngine.LogType,object)
UnityEngine.Debug:LogError (object)
UnityEditor.EditorAssemblies:ProcessInitializeOnLoadAttributes (System.Type[]) (at /Users/bokken/buildslave/unity/build/Editor/Mono/EditorAssemblies.cs:138)

(Filename: /Users/bokken/buildslave/unity/build/Editor/Mono/EditorAssemblies.cs Line: 138)

Mono: successfully reloaded assembly
- Completed reload, in  1.805 seconds
Domain Reload Profiling:
	ReloadAssembly (1806ms)
		BeginReloadAssembly (174ms)
			ExecutionOrderSort (0ms)
			DisableScriptedObjects (6ms)
			BackupInstance (0ms)
			ReleaseScriptingObjects (0ms)
			CreateAndSetChildDomain (93ms)
		EndReloadAssembly (1539ms)
			LoadAssemblies (105ms)
			RebuildTransferFunctionScriptingTraits (0ms)
			SetupTypeCache (487ms)
			ReleaseScriptCaches (1ms)
			RebuildScriptCaches (65ms)
			SetupLoadedEditorAssemblies (482ms)
				LogAssemblyErrors (0ms)
				InitializePlatformSupportModulesInManaged (7ms)
				SetLoadedEditorAssemblies (1ms)
				RefreshPlugins (8ms)
				BeforeProcessingInitializeOnLoad (152ms)
				ProcessInitializeOnLoadAttributes (301ms)
				ProcessInitializeOnLoadMethodAttributes (12ms)
				AfterProcessingInitializeOnLoad (2ms)
				EditorAssembliesLoaded (0ms)
			ExecutionOrderSort2 (0ms)
			AwakeInstancesAfterBackupRestoration (10ms)
Platform modules already initialized, skipping
Switching build target platform(2) subTarget(0) extendedPlatform(0) -> platform(13) subTarget(537395200) extendedPlatform(0)
Refreshing native plugins compatible for Editor in 0.65 ms, found 6 plugins.
Preloading 3 native plugins for Editor in 6.53 ms.
Unloading 1528 Unused Serialized files (Serialized files now loaded: 0)
System memory in use before: 201.1 MB.
System memory in use after: 201.2 MB.

Unloading 41 unused Assets to reduce memory usage. Loaded Objects now: 2321.
Total: 3.785445 ms (FindLiveObjects: 0.198540 ms CreateObjectMapping: 0.106187 ms MarkObjects: 3.410247 ms  DeleteObjects: 0.069367 ms)

AssetImportParameters requested are different than current active one (requested -> active):
  custom:video-decoder-ogg-theora: a1e56fd34408186e4bbccfd4996cb3dc -> 
  custom:container-muxer-webm: aa71ff27fc2769a1b78a27578f13a17b -> 
  custom:container-demuxer-webm: 4f35f7cbe854078d1ac9338744f61a02 -> 
  custom:container-demuxer-ogg: 62fdf1f143b41e24485cea50d1cbac27 -> 
  custom:video-encoder-webm-vp8: eb34c28f22e8b96e1ab97ce403110664 -> 
  custom:framework-osx-AVFoundation: b23960f63f64bdc6ff669e2cdcee2391 -> 
  custom:video-decoder-webm-vp8: 9c59270c3fd7afecdb556c50c9e8de78 -> 
  custom:graphics/normal-map-encoding: 01000000000000000000000000000000 -> 02000000000000000000000000000000
  custom:audio-decoder-ogg-vorbis: bf7c407c2cedff20999df2af8eb42d56 -> 
  custom:audio-encoder-webm-vorbis: bf7c407c2cedff20999df2af8eb42d56 -> 
